#
# There is insufficient memory for the Java Runtime Environment to continue.
# Native memory allocation (mmap) failed to map 232783872 bytes for G1 virtual space
# Possible reasons:
#   The system is out of physical RAM or swap space
#   The process is running with CompressedOops enabled, and the Java Heap may be blocking the growth of the native heap
# Possible solutions:
#   Reduce memory load on the system
#   Increase physical memory or swap space
#   Check if swap backing store is full
#   Decrease Java heap size (-Xmx/-Xms)
#   Decrease number of Java threads
#   Decrease Java thread stack sizes (-Xss)
#   Set larger code cache with -XX:ReservedCodeCacheSize=
#   JVM is running with Zero Based Compressed Oops mode in which the Java heap is
#     placed in the first 32GB address space. The Java Heap base address is the
#     maximum limit for the native heap growth. Please use -XX:HeapBaseMinAddress
#     to set the Java Heap base and to place the Java Heap above 32GB virtual address.
# This output file may be truncated or incomplete.
#
#  Out of Memory Error (os_windows.cpp:3769), pid=3172, tid=3884
#
# JRE version:  (17.0.6) (build )
# Java VM: OpenJDK 64-Bit Server VM (17.0.6+0-b2043.56-10027231, mixed mode, sharing, tiered, compressed oops, compressed class ptrs, g1 gc, windows-amd64)
# No core dump will be written. Minidumps are not enabled by default on client versions of Windows
#

---------------  S U M M A R Y ------------

Command Line: org.jetbrains.kotlin.cli.jvm.K2JVMCompiler @C:\Program Files\Android\AndroidStudioProjects\MusicApp\app\build\20231105_16687766724236170031.compiler.options

Host: AMD Ryzen 7 5800H with Radeon Graphics         , 16 cores, 13G,  Windows 10 , 64 bit Build 19041 (10.0.19041.2251)
Time: Sun Nov  5 04:48:36 2023  Windows 10 , 64 bit Build 19041 (10.0.19041.2251) elapsed time: 0.011602 seconds (0d 0h 0m 0s)

---------------  T H R E A D  ---------------

Current thread (0x000001bf5eb29130):  JavaThread "Unknown thread" [_thread_in_vm, id=3884, stack(0x0000001e80900000,0x0000001e80a00000)]

Stack: [0x0000001e80900000,0x0000001e80a00000]
Native frames: (J=compiled Java code, j=interpreted, Vv=VM code, C=native code)
V  [jvm.dll+0x683c9a]
V  [jvm.dll+0x8427a4]
V  [jvm.dll+0x843f9e]
V  [jvm.dll+0x844603]
V  [jvm.dll+0x249b75]
V  [jvm.dll+0x680b69]
V  [jvm.dll+0x67505a]
V  [jvm.dll+0x309acb]
V  [jvm.dll+0x310f86]
V  [jvm.dll+0x3608ee]
V  [jvm.dll+0x360b1f]
V  [jvm.dll+0x2dfbf8]
V  [jvm.dll+0x2e0b64]
V  [jvm.dll+0x814091]
V  [jvm.dll+0x36e6a1]
V  [jvm.dll+0x7f35cc]
V  [jvm.dll+0x3f0e8f]
V  [jvm.dll+0x3f29d1]
C  [jli.dll+0x526b]
C  [ucrtbase.dll+0x21bb2]
C  [KERNEL32.DLL+0x174b4]
C  [ntdll.dll+0x526a1]


---------------  P R O C E S S  ---------------

Threads class SMR info:
_java_thread_list=0x00007ffda4b6c058, length=0, elements={
}

Java Threads: ( => current thread )

Other Threads:
  0x000001bf5eb8cda0 GCTaskThread "GC Thread#0" [stack: 0x0000001e80a00000,0x0000001e80b00000] [id=4776]
  0x000001bf5eb9baa0 ConcurrentGCThread "G1 Main Marker" [stack: 0x0000001e80b00000,0x0000001e80c00000] [id=10872]
  0x000001bf5eb9d4c0 ConcurrentGCThread "G1 Conc#0" [stack: 0x0000001e80c00000,0x0000001e80d00000] [id=10880]

[error occurred during error reporting (printing all threads), id 0xc0000005, EXCEPTION_ACCESS_VIOLATION (0xc0000005) at pc=0x00007ffda4320797]

VM state: not at safepoint (not fully initialized)

VM Mutex/Monitor currently owned by a thread:  ([mutex/lock_event])
[0x000001bf5eb25640] Heap_lock - owner thread: 0x000001bf5eb29130

Heap address: 0x0000000722400000, size: 3548 MB, Compressed Oops mode: Zero based, Oop shift amount: 3

CDS archive(s) mapped at: [0x0000000000000000-0x0000000000000000-0x0000000000000000), size 0, SharedBaseAddress: 0x0000000800000000, ArchiveRelocationMode: 0.
Narrow klass base: 0x0000000000000000, Narrow klass shift: 0, Narrow klass range: 0x0

GC Precious Log:
<Empty>

Heap:
 garbage-first heap   total 0K, used 0K [0x0000000722400000, 0x0000000800000000)
  region size 2048K, 0 young (0K), 0 survivors (0K)

[error occurred during error reporting (printing heap information), id 0xc0000005, EXCEPTION_ACCESS_VIOLATION (0xc0000005) at pc=0x00007ffda470da89]

GC Heap History (0 events):
No events

Dll operation events (1 events):
Event: 0.005 Loaded shared library D:\Programs\Android Studio\jbr\bin\java.dll

Deoptimization events (0 events):
No events

Classes unloaded (0 events):
No events

Classes redefined (0 events):
No events

Internal exceptions (0 events):
No events

VM Operations (0 events):
No events

Events (0 events):
No events


Dynamic libraries:
0x00007ff677b60000 - 0x00007ff677b6a000 	D:\Programs\Android Studio\jbr\bin\java.exe
0x00007ffdf14d0000 - 0x00007ffdf16c8000 	C:\WINDOWS\SYSTEM32\ntdll.dll
0x00007ffdef740000 - 0x00007ffdef7ff000 	C:\WINDOWS\System32\KERNEL32.DLL
0x00007ffdeefa0000 - 0x00007ffdef272000 	C:\WINDOWS\System32\KERNELBASE.dll
0x00007ffdef2b0000 - 0x00007ffdef3b0000 	C:\WINDOWS\System32\ucrtbase.dll
0x00007ffdd9060000 - 0x00007ffdd9077000 	D:\Programs\Android Studio\jbr\bin\jli.dll
0x00007ffdea5f0000 - 0x00007ffdea60b000 	D:\Programs\Android Studio\jbr\bin\VCRUNTIME140.dll
0x00007ffdef5a0000 - 0x00007ffdef73d000 	C:\WINDOWS\System32\USER32.dll
0x00007ffdef280000 - 0x00007ffdef2a2000 	C:\WINDOWS\System32\win32u.dll
0x00007ffdd8b80000 - 0x00007ffdd8e1a000 	C:\WINDOWS\WinSxS\amd64_microsoft.windows.common-controls_6595b64144ccf1df_6.0.19041.1110_none_60b5254171f9507e\COMCTL32.dll
0x00007ffdefde0000 - 0x00007ffdefe7e000 	C:\WINDOWS\System32\msvcrt.dll
0x00007ffdefcd0000 - 0x00007ffdefcfb000 	C:\WINDOWS\System32\GDI32.dll
0x00007ffdeee90000 - 0x00007ffdeef9f000 	C:\WINDOWS\System32\gdi32full.dll
0x00007ffdeedf0000 - 0x00007ffdeee8d000 	C:\WINDOWS\System32\msvcp_win.dll
0x00007ffdf0610000 - 0x00007ffdf0642000 	C:\WINDOWS\System32\IMM32.DLL
0x00007ffdea5e0000 - 0x00007ffdea5ec000 	D:\Programs\Android Studio\jbr\bin\vcruntime140_1.dll
0x00007ffddcf00000 - 0x00007ffddcf8d000 	D:\Programs\Android Studio\jbr\bin\msvcp140.dll
0x00007ffda4030000 - 0x00007ffda4c9e000 	D:\Programs\Android Studio\jbr\bin\server\jvm.dll
0x00007ffdf0660000 - 0x00007ffdf070e000 	C:\WINDOWS\System32\ADVAPI32.dll
0x00007ffdf0ca0000 - 0x00007ffdf0d3c000 	C:\WINDOWS\System32\sechost.dll
0x00007ffdf0710000 - 0x00007ffdf0835000 	C:\WINDOWS\System32\RPCRT4.dll
0x00007ffde9ef0000 - 0x00007ffde9ef9000 	C:\WINDOWS\SYSTEM32\WSOCK32.dll
0x00007ffde2b50000 - 0x00007ffde2b77000 	C:\WINDOWS\SYSTEM32\WINMM.dll
0x00007ffdf0090000 - 0x00007ffdf00fb000 	C:\WINDOWS\System32\WS2_32.dll
0x00007ffde7450000 - 0x00007ffde745a000 	C:\WINDOWS\SYSTEM32\VERSION.dll
0x00007ffdeca90000 - 0x00007ffdecaa2000 	C:\WINDOWS\SYSTEM32\kernel.appcore.dll
0x00007ffde98c0000 - 0x00007ffde98ca000 	D:\Programs\Android Studio\jbr\bin\jimage.dll
0x00007ffde58e0000 - 0x00007ffde5ac4000 	C:\WINDOWS\SYSTEM32\DBGHELP.DLL
0x00007ffddb670000 - 0x00007ffddb69c000 	C:\WINDOWS\SYSTEM32\dbgcore.DLL
0x00007ffdeed60000 - 0x00007ffdeede2000 	C:\WINDOWS\System32\bcryptPrimitives.dll
0x00007ffde7260000 - 0x00007ffde7285000 	D:\Programs\Android Studio\jbr\bin\java.dll

dbghelp: loaded successfully - version: 4.0.5 - missing functions: none
symbol engine: initialized successfully - sym options: 0x614 - pdb path: .;D:\Programs\Android Studio\jbr\bin;C:\WINDOWS\SYSTEM32;C:\WINDOWS\WinSxS\amd64_microsoft.windows.common-controls_6595b64144ccf1df_6.0.19041.1110_none_60b5254171f9507e;D:\Programs\Android Studio\jbr\bin\server

VM Arguments:
java_command: org.jetbrains.kotlin.cli.jvm.K2JVMCompiler @C:\Program Files\Android\AndroidStudioProjects\MusicApp\app\build\20231105_16687766724236170031.compiler.options
java_class_path (initial): C:\Users\Мадина\.gradle\caches\modules-2\files-2.1\org.jetbrains.kotlin\kotlin-compiler-embeddable\1.9.0\2c8c3a7402becca891f12739b3e9fd2dc2adbd7a\kotlin-compiler-embeddable-1.9.0.jar;C:\Users\Мадина\.gradle\caches\modules-2\files-2.1\org.jetbrains.kotlin\kotlin-stdlib\1.9.0\8ee15ef0c67dc83d874f412d84378d7f0eb50b63\kotlin-stdlib-1.9.0.jar;C:\Users\Мадина\.gradle\caches\modules-2\files-2.1\org.jetbrains.kotlin\kotlin-script-runtime\1.9.0\4b3102cbbb7e1b58d9d1adf89563f00069ffa7d1\kotlin-script-runtime-1.9.0.jar;C:\Users\Мадина\.gradle\caches\modules-2\files-2.1\org.jetbrains.kotlin\kotlin-reflect\1.6.10\1cbe9c92c12a94eea200d23c2bbaedaf3daf5132\kotlin-reflect-1.6.10.jar;C:\Users\Мадина\.gradle\caches\modules-2\files-2.1\org.jetbrains.kotlin\kotlin-daemon-embeddable\1.9.0\186543f5e28cf8d9a0290fecc2cf34301c40a65c\kotlin-daemon-embeddable-1.9.0.jar;C:\Users\Мадина\.gradle\caches\modules-2\files-2.1\org.jetbrains.intellij.deps\trove4j\1.0.20200330\3afb14d5f9ceb459d724e907a21145e8ff394f02\trove4j-1.0.20200330.jar;C:\Users\Мадина\.gradle\caches\modules-2\files-2.1\org.jetbrains.kotlin\kotlin-stdlib-common\1.9.0\cd65c21cfd1eec4d44ef09f9f52b6d9f8a720636\kotlin-stdlib-common-1.9.0.jar;C:\Users\Мадина\.gradle\caches\modules-2\files-2.1\org.jetbrains\annotations\13.0\919f0dfe192fb4e063e7dacadee7f8bb9a2672a9\annotations-13.0.jar
Launcher Type: SUN_STANDARD

[Global flags]
     intx CICompilerCount                          = 12                                        {product} {ergonomic}
     uint ConcGCThreads                            = 3                                         {product} {ergonomic}
     uint G1ConcRefinementThreads                  = 13                                        {product} {ergonomic}
   size_t G1HeapRegionSize                         = 2097152                                   {product} {ergonomic}
    uintx GCDrainStackTargetSize                   = 64                                        {product} {ergonomic}
   size_t InitialHeapSize                          = 232783872                                 {product} {ergonomic}
   size_t MarkStackSize                            = 4194304                                   {product} {ergonomic}
   size_t MaxHeapSize                              = 3720347648                                {product} {ergonomic}
   size_t MinHeapDeltaBytes                        = 2097152                                   {product} {ergonomic}
   size_t MinHeapSize                              = 8388608                                   {product} {ergonomic}
    uintx NonNMethodCodeHeapSize                   = 7602480                                {pd product} {ergonomic}
    uintx NonProfiledCodeHeapSize                  = 122027880                              {pd product} {ergonomic}
    uintx ProfiledCodeHeapSize                     = 122027880                              {pd product} {ergonomic}
    uintx ReservedCodeCacheSize                    = 251658240                              {pd product} {ergonomic}
     bool SegmentedCodeCache                       = true                                      {product} {ergonomic}
   size_t SoftMaxHeapSize                          = 3720347648                             {manageable} {ergonomic}
     bool UseCompressedClassPointers               = true                           {product lp64_product} {ergonomic}
     bool UseCompressedOops                        = true                           {product lp64_product} {ergonomic}
     bool UseG1GC                                  = true                                      {product} {ergonomic}
     bool UseLargePagesIndividualAllocation        = false                                  {pd product} {ergonomic}

Logging:
Log output configuration:
 #0: stdout all=warning uptime,level,tags
 #1: stderr all=off uptime,level,tags

Environment Variables:
JAVA_HOME=C:\Program Files\Android\Android Studio\jre
PATH=C:\Program Files\Common Files\Oracle\Java\javapath;C:\WINDOWS\system32;C:\WINDOWS;C:\WINDOWS\System32\Wbem;C:\WINDOWS\System32\WindowsPowerShell\v1.0\;C:\Program Files\Java\jdk-19\bin;C:\Program Files (x86)\NVIDIA Corporation\PhysX\Common;C:\Program Files\NVIDIA Corporation\NVIDIA NvDLISR;C:\Program Files\Git\cmd;C:\Users\Мадина\Android development\flutter\bin;C:\Users\Мадина\AppData\Local\Programs\Python\Python310\Scripts\;C:\Users\Мадина\AppData\Local\Programs\Python\Python310\;C:\Users\Мадина\AppData\Local\Programs\Python\Python311\Scripts\;C:\Users\Мадина\AppData\Local\Programs\Python\Python311\;C:\Users\Мадина\AppData\Local\Microsoft\WindowsApps;C:\Program Files\JetBrains\PyCharm Community Edition 2022.3\bin;;C:\Program Files\JetBrains\PyCharm Community Edition with Anaconda plugin 2020.1.5\bin;;C:\Users\Мадина\AppData\Local\GitHubDesktop\bin;D:\Programs\GoLand 2023.1.4\bin;;D:\Programs\GoLand 2023.1.2\bin;D:\Programs\go1.20.4\bin;C:\Program Files\JetBrains\IntelliJ IDEA 2023.2.3\bin;
USERNAME=Мадина
OS=Windows_NT
PROCESSOR_IDENTIFIER=AMD64 Family 25 Model 80 Stepping 0, AuthenticAMD
TMP=C:\Users\6DE3~1\AppData\Local\Temp
TEMP=C:\Users\6DE3~1\AppData\Local\Temp


JNI global refs:

[error occurred during error reporting (JNI global references), id 0xc0000005, EXCEPTION_ACCESS_VIOLATION (0xc0000005) at pc=0x00007ffda40e7a10]


---------------  S Y S T E M  ---------------

OS:
 Windows 10 , 64 bit Build 19041 (10.0.19041.2251)
OS uptime: 0 days 2:33 hours

CPU: total 16 (initial active 16) (16 cores per cpu, 2 threads per core) family 25 model 80 stepping 0 microcode 0x0, cx8, cmov, fxsr, ht, mmx, 3dnowpref, sse, sse2, sse3, ssse3, sse4a, sse4.1, sse4.2, popcnt, lzcnt, tsc, tscinvbit, avx, avx2, aes, erms, clmul, bmi1, bmi2, adx, sha, fma, vzeroupper, clflush, clflushopt

Memory: 4k page, system-wide physical 14188M (3482M free)
TotalPageFile size 14188M (AvailPageFile size 158M)
current process WorkingSet (physical memory assigned to process): 10M, peak: 10M
current process commit charge ("private bytes"): 70M, peak: 292M

vm_info: OpenJDK 64-Bit Server VM (17.0.6+0-b2043.56-10027231) for windows-amd64 JRE (17.0.6+0-b2043.56-10027231), built on Apr 28 2023 00:43:19 by "androidbuild" with MS VC++ 16.10 / 16.11 (VS2019)

END.
